[14:09:55] [main/INFO] (FabricLoader/GameProvider) Loading Minecraft 1.21.1 with Fabric Loader 0.16.10
[14:09:56] [main/INFO] (FabricLoader) Loading 56 mods:
	- a_christmas_tale 1.0.1
	- fabric-api 0.115.0+1.21.1
	- fabric-api-base 0.4.42+6573ed8c19
	- fabric-api-lookup-api-v1 1.6.70+b559734419
	- fabric-biome-api-v1 13.0.31+d527f9fd19
	- fabric-block-api-v1 1.0.22+0af3f5a719
	- fabric-block-view-api-v2 1.0.10+6573ed8c19
	- fabric-blockrenderlayer-v1 1.1.52+0af3f5a719
	- fabric-client-tags-api-v1 1.1.15+6573ed8c19
	- fabric-command-api-v1 1.2.49+f71b366f19
	- fabric-command-api-v2 2.2.28+6ced4dd919
	- fabric-commands-v0 0.2.66+df3654b319
	- fabric-content-registries-v0 8.0.18+b559734419
	- fabric-convention-tags-v1 2.1.2+7f945d5b19
	- fabric-convention-tags-v2 2.9.2+e60e56d419
	- fabric-crash-report-info-v1 0.2.29+0af3f5a719
	- fabric-data-attachment-api-v1 1.4.1+9ed317f519
	- fabric-data-generation-api-v1 20.2.25+16c4ae2519
	- fabric-dimensions-v1 4.0.0+6fc22b9919
	- fabric-entity-events-v1 1.7.0+2122d82819
	- fabric-events-interaction-v0 0.7.13+ba9dae0619
	- fabric-game-rule-api-v1 1.0.53+6ced4dd919
	- fabric-gametest-api-v1 2.0.5+6fc22b9919
	- fabric-item-api-v1 11.1.1+d5debaed19
	- fabric-item-group-api-v1 4.1.6+6823f7cd19
	- fabric-key-binding-api-v1 1.0.47+0af3f5a719
	- fabric-keybindings-v0 0.2.45+df3654b319
	- fabric-lifecycle-events-v1 2.5.0+01d9a51c19
	- fabric-loot-api-v2 3.0.15+3f89f5a519
	- fabric-loot-api-v3 1.0.3+3f89f5a519
	- fabric-message-api-v1 6.0.13+6573ed8c19
	- fabric-model-loading-api-v1 2.0.0+fe474d6b19
	- fabric-networking-api-v1 4.3.0+c7469b2119
	- fabric-object-builder-api-v1 15.2.1+40875a9319
	- fabric-particles-v1 4.0.2+6573ed8c19
	- fabric-recipe-api-v1 5.0.14+248df81c19
	- fabric-registry-sync-v0 5.2.0+34f5d91419
	- fabric-renderer-api-v1 3.4.0+c705a49c19
	- fabric-renderer-indigo 1.7.0+c705a49c19
	- fabric-renderer-registries-v1 3.2.68+df3654b319
	- fabric-rendering-data-attachment-v1 0.3.48+73761d2e19
	- fabric-rendering-fluids-v1 3.1.6+1daea21519
	- fabric-rendering-v0 1.1.71+df3654b319
	- fabric-rendering-v1 5.0.5+df16efd019
	- fabric-resource-conditions-api-v1 4.3.0+8dc279b119
	- fabric-resource-loader-v0 1.3.1+5b5275af19
	- fabric-screen-api-v1 2.0.25+8b68f1c719
	- fabric-screen-handler-api-v1 1.3.88+b559734419
	- fabric-sound-api-v1 1.0.23+6573ed8c19
	- fabric-transfer-api-v1 5.4.2+c24bd99419
	- fabric-transitive-access-wideners-v1 6.2.0+45b9699719
	- fabricloader 0.16.10
	- java 21
	- minecraft 1.21.1
	- mixinextras 0.4.1
	- terrablender 4.0.0.2
[14:09:56] [main/INFO] (FabricLoader/Mixin) SpongePowered MIXIN Subsystem Version=0.8.7 Source=file:/home/anastasia/.gradle/caches/modules-2/files-2.1/net.fabricmc/sponge-mixin/0.15.4+mixin.0.8.7/6a12aacc794f1078458433116e9ed42c1cc98096/sponge-mixin-0.15.4+mixin.0.8.7.jar Service=Knot/Fabric Env=CLIENT
[14:09:57] [main/INFO] (FabricLoader/Mixin) Loaded Fabric development mappings for mixin remapper!
[14:09:57] [main/INFO] (FabricLoader/Mixin) Compatibility level set to JAVA_17
[14:09:57] [main/INFO] (FabricLoader/Mixin) Compatibility level set to JAVA_21
[14:09:59] [main/INFO] (FabricLoader/MixinExtras|Service) Initializing MixinExtras via com.llamalad7.mixinextras.service.MixinExtrasServiceImpl(version=0.4.1).
[14:10:01] [Datafixer Bootstrap/INFO] (Minecraft) 226 Datafixer optimizations took 978 milliseconds
[14:10:12] [Render thread/INFO] (Minecraft) Environment: Environment[sessionHost=https://sessionserver.mojang.com, servicesHost=https://api.minecraftservices.com, name=PROD]
[14:10:12] [Render thread/INFO] (Minecraft) Setting user: Player590
[14:10:12] [Render thread/INFO] (terrablender) Registered region minecraft:overworld to index 0 for type OVERWORLD
[14:10:12] [Render thread/INFO] (terrablender) Registered region minecraft:nether to index 0 for type NETHER
[14:10:12] [Render thread/INFO] (terrablender) Registered region a_christmas_tale:overworld to index 1 for type OVERWORLD
[14:10:12] [Render thread/INFO] (a_christmas_tale) [a_christmas_tale] Registering Item Groups
[14:10:12] [Render thread/INFO] (a_christmas_tale) Registering Mod Items for a_christmas_tale
[14:10:12] [Render thread/INFO] (a_christmas_tale) [a_christmas_tale] Registering Blocks
[14:10:13] [Render thread/INFO] (Indigo) [Indigo] Registering Indigo renderer!
[14:10:14] [Render thread/INFO] (FabricDataGenHelper) Running data generator for a_christmas_tale
[14:10:14] [Render thread/INFO] (Minecraft) Starting provider: A Christmas Tale/Tags for minecraft:block
[14:10:14] [Render thread/INFO] (Minecraft) A Christmas Tale/Tags for minecraft:block finished after 19 ms
[14:10:14] [Render thread/INFO] (Minecraft) Starting provider: A Christmas Tale/Tags for minecraft:item
[14:10:14] [Render thread/INFO] (Minecraft) A Christmas Tale/Tags for minecraft:item finished after 2 ms
[14:10:14] [Render thread/INFO] (Minecraft) Starting provider: A Christmas Tale/Block Loot Tables
[14:10:15] [Render thread/INFO] (Minecraft) A Christmas Tale/Block Loot Tables finished after 91 ms
[14:10:15] [Render thread/INFO] (Minecraft) Starting provider: A Christmas Tale/Model Definitions
[14:10:15] [Render thread/INFO] (Minecraft) A Christmas Tale/Model Definitions finished after 114 ms
[14:10:15] [Render thread/INFO] (Minecraft) Starting provider: A Christmas Tale/Recipes
[14:10:15] [Render thread/INFO] (Minecraft) A Christmas Tale/Recipes finished after 165 ms
[14:10:15] [Render thread/INFO] (Minecraft) Starting provider: A Christmas Tale/
[14:10:15] [Render thread/INFO] (Minecraft) A Christmas Tale/ finished after 20 ms
[14:10:15] [Render thread/INFO] (Minecraft) Starting provider: A Christmas Tale/World Gen
[14:10:15] [Render thread/INFO] (Minecraft) A Christmas Tale/World Gen finished after 6 ms
[14:10:15] [Render thread/INFO] (Minecraft) All providers took: 427 ms
[14:10:15] [Render thread/INFO] (Minecraft) Caching: total files: 304, old count: 308, new count: 305, removed stale: 0, written: 1
